* Checking for deprecated package usage... OK
* Checking for remote package usage... OK
* Checking for 'LazyData: true' usage... OK
* Checking version number... OK
* Checking for version number mismatch... OK
* Checking new package version number... OK
* Checking R version dependency...
* NOTE: Update R version dependency from 4.1.0 to 4.2.0.
* Checking package size... OK
* Checking individual file sizes... OK
* Checking biocViews... OK
* Checking that biocViews are present... OK
* Checking package type based on biocViews... OK
* Checking for non-trivial biocViews... OK
* Checking that biocViews come from the same category... OK
* Checking biocViews validity... OK
* Checking for recommended biocViews... OK
* Checking build system compatibility... OK
* Checking for blank lines in DESCRIPTION... OK
* Checking if DESCRIPTION is well formatted... OK
* Checking for proper Description: field... OK
* Checking for whitespace in DESCRIPTION field names... OK
* Checking that Package field matches directory/tarball name... OK
* Checking for Version field... OK
* Checking for valid maintainer... OK
* Checking License: for restrictive use... OK
* Checking for pinned package versions... OK
* Checking DESCRIPTION/NAMESPACE consistency... OK
* Checking .Rbuildignore... OK
* Checking for stray BiocCheck output folders... OK
* Checking vignette directory... OK
* Checking package installation calls in R code... OK
* Checking for library/require of TSSr... OK
* Checking coding practice...
* NOTE:  Avoid sapply(); use vapply()
Found in files:
R/ClusteringFunctions.R (line  30, column 19)
R/ClusteringFunctions.R (line  35, column 19)
R/ConsensusMethods.R (line  53, column 22)
R/EnhancerMethods.R (line  91, column 36)
R/ExpressionFunctions.R (line  73, column 27)
R/ExpressionFunctions.R (line  74, column 27)
R/ExpressionFunctions.R (line 113, column 21)
R/ExpressionFunctions.R (line 121, column 21)
R/ExpressionFunctions.R (line 147, column 21)
R/ExpressionFunctions.R (line 155, column 21)
R/ExpressionMethods.R (line  55, column 16)
R/ImportFunctions.R (line  56, column 44)
R/ShapeMethods.R (line  67, column 46)
R/ShapeMethods.R (line  71, column 49)
R/ShapeMethods.R (line  92, column 46)
R/ShapeMethods.R (line  96, column 49)
R/ShiftingMethods.R (line  48, column 16)
* NOTE:  Avoid 'cat' and 'print' outside of 'show' methods
Found in files:
print() in R/ExportFunctions.R (line 149, column 46)
* Checking parsed R code in R directory, examples, vignettes... OK
* Checking function lengths...
* NOTE: The recommended function length is 50 lines or less. There are 127 functions greater than 50 lines.
The longest 5 functions are:
.getTSS_from_bam() (R/ImportFunctions.R): 125 lines
.clusterByPeak() (R/ClusteringFunctions.R): 121 lines
.assign2gene() (R/AnnotationFunctions.R): 118 lines
_anonymous_.10() (R/AnnotationFunctions.R): 108 lines
_anonymous_.52() (R/AnnotationMethods.R):  96 lines
* Checking man page documentation...
* NOTE: Consider adding runnable examples to man pages that document exported objects.
callEnhancer.Rd
clusterTSS.Rd
getTSS.Rd
shapeCluster.Rd
shiftPromoter.Rd
* NOTE: Usage of dontrun{} / donttest{} tags found in man page examples. 18% of man pages use at least one of these tags.
Found in files:
callEnhancer.Rd
clusterTSS.Rd
getTSS.Rd
shapeCluster.Rd
shiftPromoter.Rd
* Checking package NEWS... OK
* Checking unit tests... OK
* Checking skip_on_bioc() in tests... OK
* Checking formatting of DESCRIPTION, NAMESPACE, man pages, R source, and vignette source...
* NOTE: Consider shorter lines; 447 lines (11%) are > 80 characters long.
First few lines:
R/Aclasses.R#L  3 #' TSSr is designed to analyze transcrip...
R/Aclasses.R#L  4 #' with most types of 5’end sequencing d...
R/Aclasses.R#L  5 #' (Takahashi, Lassmann et al. 2012), no...
R/Aclasses.R#L  6 #' Illumina next-generation sequencers (...
R/Aclasses.R#L  8 #' NanoCAGE (Cumbie, Ivanchenko et al. 2...
R/Aclasses.R#L 14 #' TSSr package provides a comprehensive...
R/Aclasses.R#L 15 #' of accurate TSS locations, clustering...
R/Aclasses.R#L 16 #' to core promoters, and transcriptiona...
R/Aclasses.R#L 17 #' downstream analyses including core pr...
R/Aclasses.R#L 18 #' expression, core promoter shift. TSSr...
R/Aclasses.R#L 19 #' as Binary Sequence Alignment Map (BAM...
R/Aclasses.R#L 20 #' Extension Data (bed) files, BigWig fi...
R/Aclasses.R#L 21 #' various types of TSS or core promoter...
R/Aclasses.R#L 22 #' Genome Browser or Integrative Genomic...
R/Aclasses.R#L 23 #' result tables and plots. Multiple cor...
R/Aclasses.R#L138         supportedTypes <- c("bam", "bamP...
R/Aclasses.R#L141                 sQuote("inputFilesType")...
R/AnnotationFunctions.R#L  3 .assign2gene <- function(cs.temp, ref, u...
R/AnnotationFunctions.R#L  5     chr <- strand <- start.a <- end.b <-...
R/AnnotationFunctions.R#L 14         gr <- makeGRangesFromDataFrame(c...
R/AnnotationFunctions.R#L 25                 ref_sub[, end.b := data....
R/AnnotationFunctions.R#L 26                 ref_sub[, width := data....
R/AnnotationFunctions.R#L 35                 ref_sub[, start.a := dat...
R/AnnotationFunctions.R#L 37                 ref_sub[, down.up := dat...
R/AnnotationFunctions.R#L 38                 ref_sub[, down := ifelse...
R/AnnotationFunctions.R#L 46                 ref_sub[, end.b := data....
R/AnnotationFunctions.R#L 48                 ref_sub[, width := data....
R/AnnotationFunctions.R#L 57                 ref_sub[, start.a := dat...
R/AnnotationFunctions.R#L 59                 ref_sub[, down.up := dat...
R/AnnotationFunctions.R#L 60                 ref_sub[, down := ifelse...
R/AnnotationFunctions.R#L 68             ref_sub <- makeGRangesFromDa...
R/AnnotationFunctions.R#L 76             GenomicRanges::mcols(gr1)[, ...
R/AnnotationFunctions.R#L 92                 ref_coding <- makeGRange...
R/AnnotationFunctions.R#L 99                 GenomicRanges::mcols(gr1...
R/AnnotationMethods.R#L  4 #' @description Annotates clusters with ...
R/AnnotationMethods.R#L  6 #' @usage    annotateCluster(object,clus...
R/AnnotationMethods.R#L 11 #' @param clusters Clusters to be annota...
R/AnnotationMethods.R#L 13 #' @param filterCluster Logical indicati...
R/AnnotationMethods.R#L 14 #' expressed cluster are filtered. Setti...
R/AnnotationMethods.R#L 15 #' clusters brought from recapping, tran...
R/AnnotationMethods.R#L 16 #' @param filterClusterThreshold  Ignore...
R/AnnotationMethods.R#L 17 #' strongest clusters within the same ge...
R/AnnotationMethods.R#L 18 #' @param annotationType  Specify annota...
R/AnnotationMethods.R#L 20 #' @param upstream  Upstream distance to...
R/AnnotationMethods.R#L 23 #' feature if overlapped with the upstre...
R/AnnotationMethods.R#L 24 #' @param downstream  Downstream distanc...
R/AnnotationMethods.R#L 25 #' Default value = 0. Note: if annotatio...
R/AnnotationMethods.R#L 76         txdb <- GenomicFeatures::makeTxD...
R/AnnotationMethods.R#L 95         cs.asn <- .assign2gene(cs.temp, ...
R/AnnotationMethods.R#L119             n[, inCoding := ifelse(!is.n...
R/AnnotationMethods.R#L126                     temp[, f := ifelse(d...
R/AnnotationMethods.R#L128                     temp[, f := ifelse(d...
R/ClusteringFunctions.R#L  3 .clusterByPeak <- function(tss.dt, peakD...
R/ClusteringFunctions.R#L 15         if (tss.dt[x, pos] == tss.dt[pos...
R/ClusteringFunctions.R#L 26     ####################################...
R/ClusteringFunctions.R#L 28     ####################################...
R/ClusteringFunctions.R#L 31             temp <- tss.dt[pos >= tss.dt...
R/ClusteringFunctions.R#L 36             temp <- tss.dt[pos >= tss.dt...
R/ClusteringFunctions.R#L 43     ####################################...
R/ClusteringFunctions.R#L 44     ####################################...
R/ClusteringFunctions.R#L 45     tss.dt[, forward := ifelse(data.tabl...
R/ClusteringFunctions.R#L 46     tss.dt[, reverse := ifelse(data.tabl...
R/ClusteringFunctions.R#L 47     tss.dt <- tss.dt[, list(peak = max(p...
R/ClusteringFunctions.R#L 55         if (x - 1 > 0 && tss.dt[x - 1, !...
R/ClusteringFunctions.R#L 57             if (x - 2 > 0 && tss.dt[x - ...
R/ClusteringFunctions.R#L 61         if (x + 1 < tss.dt[, .N] && tss....
R/ClusteringFunctions.R#L 63             if (x + 2 < tss.dt[, .N] && ...
R/ClusteringFunctions.R#L 75     rowVec <- which(clusters$V2 >= data....
R/ClusteringFunctions.R#L 77         ################################...
R/ClusteringFunctions.R#L 78         ################################...
R/ClusteringFunctions.R#L 97         q9 <- cluster.data[order(-pos)][...
R/ClusteringFunctions.R#L104             # ,cluster.data[which(ID %in...
R/ClusteringMethods.R#L  4 #' @description Clusters TSSs within sma...
R/ClusteringMethods.R#L  5 #' using "peakclu" method. "peakclu" met...
R/ClusteringMethods.R#L  8 #' @usage clusterTSS(object, method = "p...
R/ClusteringMethods.R#L  9 #' , localThreshold = 0.02,clusterThresh...
R/ClusteringMethods.R#L 13 #' @param method  Clustering method to b...
R/ClusteringMethods.R#L 14 #' @param peakDistance  Minimum distance...
R/ClusteringMethods.R#L 15 #' @param extensionDistance Maximal dist...
R/ClusteringMethods.R#L 17 #' @param localThreshold  Ignore downstr...
R/ClusteringMethods.R#L 18 #' clusters, which is used to filter TSS...
R/ClusteringMethods.R#L 20 #' @param clusterThreshold  Ignore clust...
R/ClusteringMethods.R#L 21 #' @param useMultiCore Logical indicatin...
R/ClusteringMethods.R#L 23 #' @param numCores Number of cores are u...
R/ClusteringMethods.R#L 71             temp <- tss.dt[, .SD, .SDcol...
R/ClusteringMethods.R#L 81                     cluster.data <- .clu...
R/ClusteringMethods.R#L 92             temp <- tss.dt[, .SD, .SDcol...
R/ClusteringMethods.R#L102                     cluster.data <- .clu...
R/ConsensusFunctions.R#L 12     new <- c(BiocGenerics::union(gr1[unn...
R/ConsensusFunctions.R#L 30             temp <- tc[chr == gr[x, chr]...
R/ConsensusFunctions.R#L 32                 s <- tss.temp[chr == tem...
R/ConsensusFunctions.R#L 35                 q9 <- s[order(-pos)][whi...
R/ConsensusFunctions.R#L 54             temp <- tc[chr == gr[x, chr]...
R/ConsensusFunctions.R#L 56                 s <- tss.temp[chr == tem...
R/ConsensusFunctions.R#L 59                 q9 <- s[order(-pos)][whi...
R/ConsensusMethods.R#L  4 #' @description Makes consensus clusters...
R/ConsensusMethods.R#L  5 #' calculates inter-quantile positions w...
R/ConsensusMethods.R#L 24 setGeneric("consensusCluster", function(...
R/ConsensusMethods.R#L 27 setMethod("consensusCluster", signature(...
R/ConsensusMethods.R#L 60         tss.temp <- tss.dt[, .SD, .SDcol...
R/EnhancerMethods.R#L 11 #' @param dis2gene The minimum distance ...
R/EnhancerMethods.R#L 33         inCoding <- dominant_tss <- stra...
R/EnhancerMethods.R#L 55                 ce <- lapply(as.list(as....
R/EnhancerMethods.R#L 63                         data.table::shif...
R/EnhancerMethods.R#L 68                         dominant_tss - d...
R/EnhancerMethods.R#L 91                             res <- sappl...
R/EnhancerMethods.R#L 93                                 (temp[wh...
R/EnhancerMethods.R#L 96                             en <- en[!(d...
R/EnhancerMethods.R#L110 ## -------------------------------------...
R/ExportFunctions.R#L 26 ## tss.tpm table has at least 4 columns ...
R/ExportFunctions.R#L 27 ## cs table has 11 columns (cluster,chr,...
R/ExportFunctions.R#L 31 .plotTSS <- function(tss, cs, df, sample...
R/ExportFunctions.R#L 61         tss_sub <- tss[tss$chr == as.cha...
R/ExportFunctions.R#L 64         tss_sub <- tss[tss$chr == as.cha...
R/ExportFunctions.R#L 68     # To hide TSS signals of the opposit...
R/ExportFunctions.R#L 87         cs_sub <- cs.temp[cs.temp$chr ==...
R/ExportFunctions.R#L 96         # atrack.cs <- AnnotationTrack(c...
R/ExportFunctions.R#L102         temp <- tss_sub[, .SD, .SDcols =...
R/ExportFunctions.R#L132             nrBlocks <- length(unique(c(...
R/ExportFunctions.R#L134             nrBlocks <- length(unique(c(...
R/ExportFunctions.R#L139             block.starts <- paste(0, p[i...
R/ExportFunctions.R#L142                 block.sizes <- paste(p[i...
R/ExportFunctions.R#L145                 block.sizes <- paste(1, ...
R/ExportFunctions.R#L148                 message("\nWhat is the a...
R/ExportMethods.R#L  1 ########################################...
R/ExportMethods.R#L  4 #' @description Calculates the pairwise ...
R/ExportMethods.R#L  9 #' @param samples Specify samples to be ...
R/ExportMethods.R#L 20 setGeneric("plotCorrelation", function(o...
R/ExportMethods.R#L 23 setMethod("plotCorrelation", signature(o...
R/ExportMethods.R#L 33         file = paste("TSS_correlation_pl...
R/ExportMethods.R#L 34         width = 8, height = 8, onefile =...
R/ExportMethods.R#L 40 ########################################...
R/ExportMethods.R#L 43 #' @description Calculates principle com...
R/ExportMethods.R#L 49 #' @param TSS.threshold Only TSSs with r...
R/ExportMethods.R#L 58 setGeneric("plotTssPCA", function(object...
R/ExportMethods.R#L 61 setMethod("plotTssPCA", signature(object...
R/ExportMethods.R#L 73         width = 8, height = 8, onefile =...
R/ExportMethods.R#L 82 ########################################...
R/ExportMethods.R#L 85 #' @description Plots histograms of the ...
R/ExportMethods.R#L 99 setGeneric("plotInterQuantile", function...
R/ExportMethods.R#L102 setMethod("plotInterQuantile", signature...
R/ExportMethods.R#L113             width = 8, height = 8, onefi...
R/ExportMethods.R#L117             temp <- temp[temp$tags >= ta...
R/ExportMethods.R#L120                 xlab = "TC interquantile...
R/ExportMethods.R#L126             file = paste("Interquantile_...
R/ExportMethods.R#L127             width = 8, height = 8, onefi...
R/ExportMethods.R#L131             temp <- temp[temp$tags >= ta...
R/ExportMethods.R#L134                 xlab = "TC interquantile...
R/ExportMethods.R#L141 ########################################...
R/ExportMethods.R#L158 setGeneric("plotShape", function(object,...
R/ExportMethods.R#L169             width = 8, height = 8, onefi...
R/ExportMethods.R#L181             file = paste("Shape_plot_of_...
R/ExportMethods.R#L182             width = 8, height = 8, onefi...
R/ExportMethods.R#L195 ########################################...
R/ExportMethods.R#L198 #' @description Vocano plots of gene dif...
R/ExportMethods.R#L203 #' @param withGeneName Specify whether t...
R/ExportMethods.R#L204 #' @param xlim Only enes of which log2Fo...
R/ExportMethods.R#L205 #' @param ylim Only genes of which -log1...
R/ExportMethods.R#L224 setMethod("plotDE", signature(object = "...
R/ExportMethods.R#L227         file = paste("Volcano_plot.pdf",...
R/ExportMethods.R#L240         # Add colored points: red if pad...
R/ExportMethods.R#L241         with(subset(res, padj < .05), po...
R/ExportMethods.R#L242         with(subset(res, abs(log2FoldCha...
R/ExportMethods.R#L243         with(subset(res, padj < .05 & ab...
R/ExportMethods.R#L245             with(subset(res, padj < .05 ...
R/ExportMethods.R#L252 ########################################...
R/ExportMethods.R#L262 #' @param tssData Specify which TSS data...
R/ExportMethods.R#L263 #' @param clusters Specify which cluster...
R/ExportMethods.R#L264 #' @param clusterThreshold Ignore downst...
R/ExportMethods.R#L267 #' @param Bidirection Specify whether to...
R/ExportMethods.R#L268 #' @param up.dis Distance upstream of ge...
R/ExportMethods.R#L269 #' @param down.dis Distance downstream o...
R/ExportMethods.R#L278 #' # plotTSS(exampleTSSr, samples=c("con...
R/ExportMethods.R#L339         width = 10, height = 8, onefile ...
R/ExportMethods.R#L348 ########################################...
R/ExportMethods.R#L355 #' @param data Specify which data will b...
R/ExportMethods.R#L356 #' @param merged Specify whether to expo...
R/ExportMethods.R#L365 setGeneric("exportTSStable", function(ob...
R/ExportMethods.R#L368 setMethod("exportTSStable", signature(ob...
R/ExportMethods.R#L373             write.table(tss, file = past...
R/ExportMethods.R#L376             write.table(tss, file = past...
R/ExportMethods.R#L380         write.table(tss, file = paste("A...
R/ExportMethods.R#L386 ########################################...
R/ExportMethods.R#L393 #' @param data Specify which cluster dat...
R/ExportMethods.R#L406 setGeneric("exportClustersTable", functi...
R/ExportMethods.R#L409 setMethod("exportClustersTable", signatu...
R/ExportMethods.R#L416             write.table(temp, file = pas...
R/ExportMethods.R#L424             write.table(temp, file = pas...
R/ExportMethods.R#L432             write.table(temp, file = pas...
R/ExportMethods.R#L440             write.table(temp, file = pas...
R/ExportMethods.R#L447 ########################################...
R/ExportMethods.R#L450 #' @description Exports core promoter sh...
R/ExportMethods.R#L463 setGeneric("exportShapeTable", function(...
R/ExportMethods.R#L473             write.table(temp, file = pas...
R/ExportMethods.R#L495 setGeneric("exportEnhancerTable", functi...
R/ExportMethods.R#L515 ########################################...
R/ExportMethods.R#L518 #' @description Exports gene differentia...
R/ExportMethods.R#L531 setGeneric("exportDETable", function(obj...
R/ExportMethods.R#L540             write.table(temp, file = pas...
R/ExportMethods.R#L545             write.table(temp, file = pas...
R/ExportMethods.R#L552 ########################################...
R/ExportMethods.R#L567 setGeneric("exportShiftTable", function(...
R/ExportMethods.R#L575         write.table(temp, file = paste(D...
R/ExportMethods.R#L579 ########################################...
R/ExportMethods.R#L581 #' @description Creates bedGraph/BigWig ...
R/ExportMethods.R#L584 #' @usage exportTSStoBedgraph(object, da...
R/ExportMethods.R#L587 #' @param data Specify which data will b...
R/ExportMethods.R#L588 #' @param format The format of output fi...
R/ExportMethods.R#L589 #' @param oneFile Logical, specify wheth...
R/ExportMethods.R#L607 setMethod("exportTSStoBedgraph", signatu...
R/ExportMethods.R#L627             temp <- makeGRangesFromDataF...
R/ExportMethods.R#L628             export(temp, paste(samples[i...
R/ExportMethods.R#L633             temp.p <- makeGRangesFromDat...
R/ExportMethods.R#L634             temp.m <- makeGRangesFromDat...
R/ExportMethods.R#L637                 export(temp.p, paste(sam...
R/ExportMethods.R#L638                 export(temp.m, paste(sam...
R/ExportMethods.R#L641                 seqlengths(temp.p) <- se...
R/ExportMethods.R#L642                 seqlengths(temp.m) <- se...
R/ExportMethods.R#L643                 export(temp.p, paste(sam...
R/ExportMethods.R#L644                 export(temp.m, paste(sam...
R/ExportMethods.R#L649 ########################################...
R/ExportMethods.R#L653 #' @usage exportClustersToBed(object, da...
R/ExportMethods.R#L656 #' @param data Specify which data will b...
R/ExportMethods.R#L657 #' @param assigned Specify which consens...
R/ExportMethods.R#L667 setGeneric("exportClustersToBed", functi...
R/ExportMethods.R#L672 setMethod("exportClustersToBed", signatu...
R/ExportMethods.R#L687         df <- file(paste(sampleLabelsMer...
R/ExportMethods.R#L696         write.table(temp, df, sep = "\t"...
R/ExportMethods.R#L701 ########################################...
R/ExpressionFunctions.R#L  2 ## .deseq2 function calcuates gene diffe...
R/ExpressionFunctions.R#L  9 ##                              sampleOn...
R/ExpressionFunctions.R#L 13 .deseq2 <- function(object, cx, cy, tss....
R/ExpressionFunctions.R#L 22         xCounts <- .tagCount_updated(cx,...
R/ExpressionFunctions.R#L 30         yCounts <- .tagCount_updated(cy,...
R/ExpressionFunctions.R#L 53     one <- data.frame(matrix(unlist(one)...
R/ExpressionFunctions.R#L 71     two <- data.frame(matrix(unlist(two)...
R/ExpressionFunctions.R#L 83     condition <- factor(c(rep(sampleOne,...
R/ExpressionFunctions.R#L 84     dds <- DESeqDataSetFromMatrix(countD...
R/ExpressionFunctions.R#L112             data <- tss[tss$chr == cs[r,...
R/ExpressionFunctions.R#L120             data <- tss[tss$chr == cs[r,...
R/ExpressionFunctions.R#L127     tags <- data.frame(matrix(unlist(tag...
R/ExpressionFunctions.R#L146             data <- tss[tss$chr == cs[r,...
R/ExpressionFunctions.R#L154             data <- tss[tss$chr == cs[r,...
R/ExpressionFunctions.R#L161     tags <- data.frame(matrix(unlist(tag...
R/ExpressionMethods.R#L  4 #' @description Analyzes gene-level diff...
R/ExpressionMethods.R#L  9 #' @param comparePairs Specified list of...
R/ExpressionMethods.R#L 10 #' @param pval Genes with adjusted p val...
R/ExpressionMethods.R#L 11 #' @param useMultiCore Logical indicatin...
R/ExpressionMethods.R#L 13 #' @param numCores Number of cores are u...
R/ExpressionMethods.R#L 23 setGeneric("deGene", function(object, co...
R/ExpressionMethods.R#L 26 setMethod("deGene", signature(object = "...
R/ExpressionMethods.R#L 42         samplex <- sampleLabels[which(me...
R/ExpressionMethods.R#L 43         sampley <- sampleLabels[which(me...
R/ExpressionMethods.R#L 44         DE.dt <- .deseq2(object, cx, cy,...
R/FilteringFunctions.R#L  1 ########################################...
R/FilteringMethods.R#L  9 #' @param method Method to be used for T...
R/FilteringMethods.R#L 31 setMethod("filterTSS", signature(object ...
R/FilteringMethods.R#L102 ########################################...
R/FilteringMethods.R#L104     # calculate lambda value (average nu...
R/ImportFunctions.R#L  7         stop("Requested genome is not in...
R/ImportFunctions.R#L 56             qa.avg <- c(qa.avg, as.integ...
R/ImportFunctions.R#L 76                     as.integer(sum(as(st...
R/ImportFunctions.R#L 80                         ))), 0, sub("S",...
R/ImportFunctions.R#L 83                 mapped.length <- c(mappe...
R/ImportFunctions.R#L 92             seqnames = as.vector(bam[[1]...
R/ImportFunctions.R#L 93             strand = bam[[1]]$strand, qu...
R/ImportFunctions.R#L 97         readsGR <- readsGR[!(end(readsGR...
R/ImportFunctions.R#L 98         GenomicRanges::elementMetadata(r...
R/ImportFunctions.R#L 99         readsGR.p <- readsGR[(as.charact...
R/ImportFunctions.R#L100             sequencingQualityThreshold) ...
R/ImportFunctions.R#L101         readsGR.m <- readsGR[(as.charact...
R/ImportFunctions.R#L102             sequencingQualityThreshold) ...
R/ImportFunctions.R#L104             ## -------------------------...
R/ImportFunctions.R#L110             ## -------------------------...
R/ImportFunctions.R#L116             #---------------------------...
R/ImportFunctions.R#L121             TSS <- TSS[, as.integer(sum(...
R/ImportFunctions.R#L137     TSS.all.samples[, 4:ncol(TSS.all.sam...
R/ImportFunctions.R#L147     #-----------------------------------...
R/ImportFunctions.R#L149     #-----------------------------------...
R/ImportFunctions.R#L155         G.mismatch <- Gp[getSeq(Genome, ...
R/ImportFunctions.R#L156         start(readsGR.p[G.mismatch]) <- ...
R/ImportFunctions.R#L158         Gp <- G.mismatch[which(substr(Ge...
R/ImportFunctions.R#L168     #-----------------------------------...
R/ImportFunctions.R#L170     #-----------------------------------...
R/ImportFunctions.R#L177         G.mismatch <- Gm[getSeq(Genome, ...
R/ImportFunctions.R#L180         Gm <- G.mismatch[which(substr(Ge...
R/ImportFunctions.R#L190     #-----------------------------------...
R/ImportFunctions.R#L210         readsGR <- readsGR[as.character(...
R/ImportFunctions.R#L211         readsGR <- readsGR[!(end(readsGR...
R/ImportFunctions.R#L215         TSS.plus <- data.table(chr = as....
R/ImportFunctions.R#L216         TSS.minus <- data.table(chr = as...
R/ImportFunctions.R#L231     TSS.all.samples[, 4:ncol(TSS.all.sam...
R/ImportFunctions.R#L245         readsGR <- readsGR[as.character(...
R/ImportFunctions.R#L246         readsGR <- readsGR[!(end(readsGR...
R/ImportFunctions.R#L250         TSS.plus <- data.table(chr = as....
R/ImportFunctions.R#L251         TSS.minus <- data.table(chr = as...
R/ImportFunctions.R#L259         # library.sizes <- c(library.siz...
R/ImportFunctions.R#L268     TSS.all.samples[, 4:ncol(TSS.all.sam...
R/ImportFunctions.R#L299     TSS.all.samples[, 4:ncol(TSS.all.sam...
R/ImportFunctions.R#L303 ########################################...
R/ImportFunctions.R#L308         stop("Only one file should be pr...
R/ImportFunctions.R#L316         colClasses = c("character", "int...
R/ImportFunctions.R#L320         stop("Number of provided sample ...
R/ImportFunctions.R#L323     TSS.all.samples[, 4:ncol(TSS.all.sam...
R/ImportMethods.R#L  6 #' input file formats. The files include...
R/ImportMethods.R#L 74     object@librarySizes <- colSums(tss[,...
R/MergingMethods.R#L  1 ########################################...
R/MergingMethods.R#L  4 #' @description Merges individual sample...
R/MergingMethods.R#L 15 setGeneric("mergeSamples", function(obje...
R/MergingMethods.R#L 18 setMethod("mergeSamples", signature(obje...
R/MergingMethods.R#L 34         stop("Number of unique mergeInde...
R/NormalizationMethods.R#L  1 ########################################...
R/NormalizationMethods.R#L  4 #' @description Normalizes raw TSS count...
R/NormalizationMethods.R#L 27     is.wholenumber <- function(x, tol = ...
R/ShapeMethods.R#L  3 #' @description Calculates core promoter...
R/ShapeMethods.R#L  4 #'  promoters using Shape Index (SI) alg...
R/ShapeMethods.R#L 11 #' @param clusters Clusters to be used f...
R/ShapeMethods.R#L 13 #' @param method Method to be used for c...
R/ShapeMethods.R#L 14 #' @param useMultiCore Logical indicatin...
R/ShapeMethods.R#L 15 #' @param numCores Number of cores are u...
R/ShapeMethods.R#L 34 setMethod("shapeCluster", signature(obje...
R/ShapeMethods.R#L 59             tss <- tss.dt[, .SD, .SDcols...
R/ShapeMethods.R#L 64                 tss.sub <- tss[chr == da...
R/ShapeMethods.R#L 67                     data$shape.score <- ...
R/ShapeMethods.R#L 71                     data$shape.score <- ...
R/ShapeMethods.R#L 84             tss <- tss.dt[, .SD, .SDcols...
R/ShapeMethods.R#L 89                 tss.sub <- tss[chr == da...
R/ShapeMethods.R#L 92                     data$shape.score <- ...
R/ShapeMethods.R#L 96                     data$shape.score <- ...
R/ShiftingFunctions.R#L 13     dominant_tss <- gene.x <- gene.y <- ...
R/ShiftingFunctions.R#L 18     clusters[, c("dominant_tss.x", "domi...
R/ShiftingFunctions.R#L 19     clusters[, dominant_tss := do.call(p...
R/ShiftingFunctions.R#L 22         ifelse(is.na(clusters[r, gene.x]...
R/ShiftingFunctions.R#L 26     clusters <- clusters[, c("cluster", ...
R/ShiftingFunctions.R#L 36             ## find the top two clusters...
R/ShiftingFunctions.R#L 39             ID2 <- ifelse(ID1 == data[1,...
R/ShiftingFunctions.R#L 48             Ds <- log(((data[1, tags.y] ...
R/ShiftingFunctions.R#L 61     Ds <- data.frame(matrix(unlist(cmp),...
R/ShiftingMethods.R#L  3 #' @description Selects genes which have...
R/ShiftingMethods.R#L  4 #' shifting across different experiments...
R/ShiftingMethods.R#L 11 #' @param pval Genes with adjusted p val...
R/ShiftingMethods.R#L 19 #' # shiftPromoter(exampleTSSr,comparePa...
R/ShiftingMethods.R#L 43         librarySizex <- object@librarySi...
R/ShiftingMethods.R#L 44         librarySizey <- object@librarySi...
R/TSSr.R#L  3 #' TSSr is designed to analyze transcrip...
R/TSSr.R#L  4 #' with most types of 5’end sequencing d...
R/TSSr.R#L  5 #' (Takahashi, Lassmann et al. 2012), no...
R/TSSr.R#L  6 #' Illumina next-generation sequencers (...
R/TSSr.R#L  8 #' NanoCAGE (Cumbie, Ivanchenko et al. 2...
R/TSSr.R#L 14 #' TSSr package provides a comprehensive...
R/TSSr.R#L 15 #' of accurate TSS locations, clustering...
R/TSSr.R#L 16 #' to core promoters, and transcriptiona...
R/TSSr.R#L 17 #' downstream analyses including core pr...
R/TSSr.R#L 18 #' expression, core promoter shift. TSSr...
R/TSSr.R#L 19 #' as Binary Sequence Alignment Map (BAM...
R/TSSr.R#L 20 #' Extension Data (bed) files, BigWig fi...
R/TSSr.R#L 21 #' various types of TSS or core promoter...
R/TSSr.R#L 22 #' Genome Browser or Integrative Genomic...
R/TSSr.R#L 23 #' result tables and plots. Multiple cor...
man/annotateCluster.Rd#L 30 expressed cluster are filtered. Setting ...
man/annotateCluster.Rd#L 31 clusters brought from recapping, transcr...
man/annotateCluster.Rd#L 33 \item{filterClusterThreshold}{Ignore dow...
man/annotateCluster.Rd#L 43 feature if overlapped with the upstream ...
man/annotateCluster.Rd#L 45 \item{downstream}{Downstream distance to...
man/annotateCluster.Rd#L 46 Default value = 0. Note: if annotationTy...
man/callEnhancer.Rd#L 18 \item{dis2gene}{The minimum distance to ...
man/clusterTSS.Rd#L 25 \item{method}{Clustering method to be us...
man/clusterTSS.Rd#L 27 \item{peakDistance}{Minimum distance of ...
man/clusterTSS.Rd#L 29 \item{extensionDistance}{Maximal distanc...
man/clusterTSS.Rd#L 32 \item{localThreshold}{Ignore downstream ...
man/clusterTSS.Rd#L 33 clusters, which is used to filter TSS si...
man/clusterTSS.Rd#L 36 \item{clusterThreshold}{Ignore clusters ...
man/clusterTSS.Rd#L 38 \item{useMultiCore}{Logical indicating w...
man/clusterTSS.Rd#L 41 \item{numCores}{Number of cores are used...
man/clusterTSS.Rd#L 49 using "peakclu" method. "peakclu" method...
man/consensusCluster.Rd#L 11 \S4method{consensusCluster}{TSSr}(object...
man/deGene.Rd#L 22 \item{comparePairs}{Specified list of sa...
man/deGene.Rd#L 24 \item{pval}{Genes with adjusted p value ...
man/deGene.Rd#L 29 \item{numCores}{Number of cores are used...
man/deGene.Rd#L 36 Analyzes gene-level differential express...
man/exportClustersTable.Rd#L 15 \item{data}{Specify which cluster data w...
man/exportClustersToBed.Rd#L 10 \S4method{exportClustersToBed}{TSSr}(obj...
man/exportClustersToBed.Rd#L 15 \item{data}{Specify which data will be e...
man/exportClustersToBed.Rd#L 17 \item{assigned}{Specify which consensus ...
man/exportShapeTable.Rd#L 19 Exports core promoter shape score tables...
man/exportTSStable.Rd#L 15 \item{data}{Specify which data will be e...
man/exportTSStable.Rd#L 17 \item{merged}{Specify whether to export ...
man/exportTSStoBedgraph.Rd#L  8 exportTSStoBedgraph(object, data = "proc...
man/exportTSStoBedgraph.Rd#L 20 \item{data}{Specify which data will be e...
man/exportTSStoBedgraph.Rd#L 22 \item{format}{The format of output files...
man/exportTSStoBedgraph.Rd#L 24 \item{oneFile}{Logical, specify whether ...
man/exportTSStoBedgraph.Rd#L 31 Creates bedGraph/BigWig files of TSSs th...
man/filterTSS.Rd#L 22 \item{method}{Method to be used for TSS ...
man/getTSS.Rd#L 36 input file formats. The files include us...
man/plotCorrelation.Rd#L 15 \item{samples}{Specify samples to be plo...
man/plotDE.Rd#L 10 \S4method{plotDE}{TSSr}(object, withGene...
man/plotDE.Rd#L 15 \item{withGeneName}{Specify whether to d...
man/plotDE.Rd#L 17 \item{xlim}{Only enes of which log2FoldC...
man/plotDE.Rd#L 19 \item{ylim}{Only genes of which -log10(p...
man/plotTSS.Rd#L 30 \item{tssData}{Specify which TSS data to...
man/plotTSS.Rd#L 32 \item{clusters}{Specify which cluster da...
man/plotTSS.Rd#L 34 \item{clusterThreshold}{Ignore downstrea...
man/plotTSS.Rd#L 39 \item{Bidirection}{Specify whether to di...
man/plotTSS.Rd#L 41 \item{up.dis}{Distance upstream of genes...
man/plotTSS.Rd#L 43 \item{down.dis}{Distance downstream of g...
man/plotTSS.Rd#L 55 #plotTSS(exampleTSSr, samples=c("control...
man/plotTssPCA.Rd#L 15 \item{TSS.threshold}{Only TSSs with raw ...
man/plotTssPCA.Rd#L 21 Calculates principle component analysis ...
man/shapeCluster.Rd#L 22 \item{clusters}{Clusters to be used for ...
man/shapeCluster.Rd#L 25 \item{method}{Method to be used for calc...
man/shapeCluster.Rd#L 27 \item{useMultiCore}{Logical indicating w...
man/shapeCluster.Rd#L 29 \item{numCores}{Number of cores are used...
man/shapeCluster.Rd#L 36  promoters using Shape Index (SI) algori...
man/shiftPromoter.Rd#L  6 \title{Select genes which have core prom...
man/shiftPromoter.Rd#L 17 \item{pval}{Genes with adjusted p value ...
man/shiftPromoter.Rd#L 24 shifting across different experiments. G...
man/TSSr-class.Rd#L  9 with most types of 5’end sequencing data...
man/TSSr-class.Rd#L 10 (Takahashi, Lassmann et al. 2012), no-am...
man/TSSr-class.Rd#L 11 Illumina next-generation sequencers (nAn...
man/TSSr-class.Rd#L 13 NanoCAGE (Cumbie, Ivanchenko et al. 2015...
man/TSSr-class.Rd#L 20 TSSr package provides a comprehensive wo...
man/TSSr-class.Rd#L 21 of accurate TSS locations, clustering TS...
man/TSSr-class.Rd#L 22 to core promoters, and transcriptional a...
man/TSSr-class.Rd#L 23 downstream analyses including core promo...
man/TSSr-class.Rd#L 24 expression, core promoter shift. TSSr ca...
man/TSSr-class.Rd#L 25 as Binary Sequence Alignment Map (BAM) f...
man/TSSr-class.Rd#L 26 Extension Data (bed) files, BigWig files...
man/TSSr-class.Rd#L 27 various types of TSS or core promoter tr...
man/TSSr-class.Rd#L 28 Genome Browser or Integrative Genomics V...
man/TSSr-package.Rd#L  9 with most types of 5’end sequencing data...
man/TSSr-package.Rd#L 10 (Takahashi, Lassmann et al. 2012), no-am...
man/TSSr-package.Rd#L 11 Illumina next-generation sequencers (nAn...
man/TSSr-package.Rd#L 13 NanoCAGE (Cumbie, Ivanchenko et al. 2015...
man/TSSr-package.Rd#L 20 TSSr package provides a comprehensive wo...
man/TSSr-package.Rd#L 21 of accurate TSS locations, clustering TS...
man/TSSr-package.Rd#L 22 to core promoters, and transcriptional a...
man/TSSr-package.Rd#L 23 downstream analyses including core promo...
man/TSSr-package.Rd#L 24 expression, core promoter shift. TSSr ca...
man/TSSr-package.Rd#L 25 as Binary Sequence Alignment Map (BAM) f...
man/TSSr-package.Rd#L 26 Extension Data (bed) files, BigWig files...
man/TSSr-package.Rd#L 27 various types of TSS or core promoter tr...
man/TSSr-package.Rd#L 28 Genome Browser or Integrative Genomics V...
vignettes/vignette.Rmd#L  3 author: "Zhaolian Lu, Keenan Berry, Zhen...
vignettes/vignette.Rmd#L 21 Alternatively, you can install the devel...
vignettes/vignette.Rmd#L 43 For general questions about the usage of...
vignettes/vignette.Rmd#L 45 For technical questions, bug reports and...
vignettes/vignette.Rmd#L 59 inputFiles <- c("S01.sorted.bam", "S02.s...
* NOTE: Consider multiples of 4 spaces for line indents; 113 lines (3%) are not.
First few lines:
R/AnnotationMethods.R#L 40   object, clusters = "consensusClusters"...
R/AnnotationMethods.R#L 41   filterCluster = TRUE,...
R/AnnotationMethods.R#L 42   filterClusterThreshold = 0.02,...
R/AnnotationMethods.R#L 43   annotationType = "genes",...
R/AnnotationMethods.R#L 44   upstream = 1000,...
R/AnnotationMethods.R#L 45   upstreamOverlap = 500,...
R/AnnotationMethods.R#L 46   downstream = 0...
R/AnnotationMethods.R#L 53   object, clusters, filterCluster,...
R/AnnotationMethods.R#L 54   filterClusterThreshold, annotationType...
R/AnnotationMethods.R#L 55   upstream, upstreamOverlap, downstream...
R/ClusteringMethods.R#L 38   object, method = "peakclu",...
R/ClusteringMethods.R#L 39   peakDistance = 100, extensionDistance ...
R/ClusteringMethods.R#L 40   localThreshold = 0.02, clusterThreshol...
R/ClusteringMethods.R#L 41   useMultiCore = FALSE, numCores = NULL...
R/ClusteringMethods.R#L 48   object, method, peakDistance, extensio...
R/ClusteringMethods.R#L 49   localThreshold, clusterThreshold, useM...
R/ExportMethods.R#L215   object,...
R/ExportMethods.R#L216   withGeneName = "TRUE",...
R/ExportMethods.R#L217   xlim = c(-2.5, 2.5),...
R/ExportMethods.R#L218   ylim = c(0, 10)...
R/ExportMethods.R#L281   object, samples,...
R/ExportMethods.R#L282   tssData = "processed",...
R/ExportMethods.R#L283   clusters = "assigned",...
R/ExportMethods.R#L284   clusterThreshold = 0.02,...
R/ExportMethods.R#L285   genelist,...
R/ExportMethods.R#L286   Bidirection = TRUE,...
R/ExportMethods.R#L287   up.dis = 500,...
R/ExportMethods.R#L288   down.dis = 500,...
R/ExportMethods.R#L289   yFixed = TRUE...
R/ExportMethods.R#L296   object, samples, tssData, clusters, cl...
R/ExportMethods.R#L297   genelist, Bidirection, up.dis, down.di...
R/ExportMethods.R#L599   object, data = "processed",...
R/ExportMethods.R#L600   format = "bedGraph",...
R/ExportMethods.R#L601   oneFile = FALSE...
R/FilteringMethods.R#L 24   object, method = "poisson", normalizat...
R/FilteringMethods.R#L 25   pVal = 0.01, tpmLow = 0.1...
R/ImportFunctions.R#L 16   bam.files, Genome, sampleLabels, input...
R/ImportFunctions.R#L 17   sequencingQualityThreshold,...
R/ImportFunctions.R#L 18   mappingQualityThreshold,...
R/ImportFunctions.R#L 19   softclippingAllowed...
R/ImportMethods.R#L 30   object,...
R/ImportMethods.R#L 31   sequencingQualityThreshold = 10,...
R/ImportMethods.R#L 32   mappingQualityThreshold = 20,...
R/ImportMethods.R#L 33   softclippingAllowed = FALSE...
R/ImportMethods.R#L 40   object,...
R/ImportMethods.R#L 41   sequencingQualityThreshold,...
R/ImportMethods.R#L 42   mappingQualityThreshold,...
R/ImportMethods.R#L 43   softclippingAllowed...
R/ShapeMethods.R#L 27   object, clusters = "consensusClusters"...
R/ShapeMethods.R#L 28   method = "PSS", useMultiCore = FALSE, ...
R/ShiftingMethods.R#L 22                                      pva...
R/ShiftingMethods.R#L 28   object,...
R/ShiftingMethods.R#L 29   comparePairs,...
R/ShiftingMethods.R#L 30   pval...
man/annotateCluster.Rd#L 13   object,...
man/annotateCluster.Rd#L 14   clusters = "consensusClusters",...
man/annotateCluster.Rd#L 15   filterCluster = TRUE,...
man/annotateCluster.Rd#L 16   filterClusterThreshold = 0.02,...
man/annotateCluster.Rd#L 17   annotationType = "genes",...
man/annotateCluster.Rd#L 18   upstream = 1000,...
man/annotateCluster.Rd#L 19   upstreamOverlap = 500,...
man/annotateCluster.Rd#L 20   downstream = 0...
man/clusterTSS.Rd#L 12   object,...
man/clusterTSS.Rd#L 13   method = "peakclu",...
man/clusterTSS.Rd#L 14   peakDistance = 100,...
man/clusterTSS.Rd#L 15   extensionDistance = 30,...
man/clusterTSS.Rd#L 16   localThreshold = 0.02,...
man/clusterTSS.Rd#L 17   clusterThreshold = 1,...
man/clusterTSS.Rd#L 18   useMultiCore = FALSE,...
man/clusterTSS.Rd#L 19   numCores = NULL...
man/deGene.Rd#L  9  useMultiCore=FALSE, numCores = NULL)...
man/deGene.Rd#L 12   object,...
man/deGene.Rd#L 13   comparePairs = list(c("control", "trea...
man/deGene.Rd#L 14   pval = 0.01,...
man/deGene.Rd#L 15   useMultiCore = FALSE,...
man/deGene.Rd#L 16   numCores = NULL...
man/exampleTSSr.Rd#L 10   \item{exampleTSSr}{RangedSummarizedExp...
man/exportTSStoBedgraph.Rd#L 11   object,...
man/exportTSStoBedgraph.Rd#L 12   data = "processed",...
man/exportTSStoBedgraph.Rd#L 13   format = "bedGraph",...
man/exportTSStoBedgraph.Rd#L 14   oneFile = FALSE...
man/exportTSStoBedgraph.Rd#L 32  and Integrative Genomics Viewer (IGV)....
man/filterTSS.Rd#L 12   object,...
man/filterTSS.Rd#L 13   method = "poisson",...
man/filterTSS.Rd#L 14   normalization = TRUE,...
man/filterTSS.Rd#L 15   pVal = 0.01,...
man/filterTSS.Rd#L 16   tpmLow = 0.1...
man/getTSS.Rd#L 13   object,...
man/getTSS.Rd#L 14   sequencingQualityThreshold = 10,...
man/getTSS.Rd#L 15   mappingQualityThreshold = 20,...
man/getTSS.Rd#L 16   softclippingAllowed = FALSE...
man/plotTSS.Rd#L 13   object,...
man/plotTSS.Rd#L 14   samples,...
man/plotTSS.Rd#L 15   tssData = "processed",...
man/plotTSS.Rd#L 16   clusters = "assigned",...
man/plotTSS.Rd#L 17   clusterThreshold = 0.02,...
man/plotTSS.Rd#L 18   genelist,...
man/plotTSS.Rd#L 19   Bidirection = TRUE,...
man/plotTSS.Rd#L 20   up.dis = 500,...
man/plotTSS.Rd#L 21   down.dis = 500,...
man/plotTSS.Rd#L 22   yFixed = TRUE...
man/shapeCluster.Rd#L  9  useMultiCore=FALSE, numCores = NULL)...
man/shapeCluster.Rd#L 12   object,...
man/shapeCluster.Rd#L 13   clusters = "consensusClusters",...
man/shapeCluster.Rd#L 14   method = "PSS",...
man/shapeCluster.Rd#L 15   useMultiCore = FALSE,...
man/shapeCluster.Rd#L 16   numCores = NULL...
man/shapeCluster.Rd#L 36  promoters using Shape Index (SI) algori...
man/shapeCluster.Rd#L 37   algorithm (Lu et al. 2019)....
man/shapeCluster.Rd#L 41  data(exampleTSSr)...
vignettes/vignette.Rmd#L107               filterClusterThreshold = 0...
vignettes/vignette.Rmd#L108               ,upstream=1000, upstreamOv...
vignettes/vignette.Rmd#L116        pval = 0.01,useMultiCore=FALSE, n...
* Checking if package already exists in CRAN... OK
* Checking if new package already exists in Bioconductor... OK
* Checking for bioc-devel mailing list subscription...
* NOTE: Cannot determine whether maintainer is subscribed to the Bioc-Devel mailing list (requires admin credentials). Subscribe here: https://stat.ethz.ch/mailman/listinfo/bioc-devel
* Checking for support site registration... OK
